<?xml version="1.0" encoding="UTF-8"?>
<testsuite xmlns:xsi="http://www.w3.org/2001/XMLSchema-instance" xsi:noNamespaceSchemaLocation="https://maven.apache.org/surefire/maven-surefire-plugin/xsd/surefire-test-report-3.0.xsd" version="3.0" name="com.beamlytics.examples.IOTPipelineTest" time="8.645" tests="1" errors="0" skipped="0" failures="0">
  <properties>
[...]
</properties>
  <testcase name="testPipeline" classname="com.beamlytics.examples.IOTPipelineTest" time="8.645">
    <system-err><![CDATA[SLF4J: Class path contains multiple SLF4J bindings.
SLF4J: Found binding in [jar:file:/Users/rtarway/.m2/repository/org/slf4j/slf4j-jdk14/1.7.30/slf4j-jdk14-1.7.30.jar!/org/slf4j/impl/StaticLoggerBinder.class]
SLF4J: Found binding in [jar:file:/Users/rtarway/.m2/repository/org/slf4j/slf4j-log4j12/1.7.25/slf4j-log4j12-1.7.25.jar!/org/slf4j/impl/StaticLoggerBinder.class]
SLF4J: See http://www.slf4j.org/codes.html#multiple_bindings for an explanation.
SLF4J: Actual binding is of type [org.slf4j.impl.JDK14LoggerFactory]
Mar 17, 2024 1:34:39 PM org.apache.beam.sdk.coders.SerializableCoder checkEqualsMethodDefined
WARNING: Can't verify serialized elements of type Shard have well defined equals method. This may produce incorrect results on some PipelineRunner implementations
org.apache.beam.sdk.Pipeline$PipelineExecutionException: java.lang.Error: Unresolved compilation problem: 
	AutoValue_IOTDataSchema cannot be resolved to a type

	at org.apache.beam.runners.direct.DirectRunner$DirectPipelineResult.waitUntilFinish(DirectRunner.java:377)
	at org.apache.beam.runners.direct.DirectRunner$DirectPipelineResult.waitUntilFinish(DirectRunner.java:345)
	at org.apache.beam.runners.direct.DirectRunner.run(DirectRunner.java:218)
	at org.apache.beam.runners.direct.DirectRunner.run(DirectRunner.java:67)
	at org.apache.beam.sdk.Pipeline.run(Pipeline.java:324)
	at org.apache.beam.sdk.testing.TestPipeline.run(TestPipeline.java:398)
	at org.apache.beam.sdk.testing.TestPipeline.run(TestPipeline.java:335)
	at com.beamlytics.examples.pipelines.IOTDataPipeline.startPipeline(IOTDataPipeline.java:89)
	at com.beamlytics.examples.IOTPipelineTest.testPipeline(IOTPipelineTest.java:42)
	at java.base/jdk.internal.reflect.DirectMethodHandleAccessor.invoke(DirectMethodHandleAccessor.java:103)
	at java.base/java.lang.reflect.Method.invoke(Method.java:580)
	at org.junit.runners.model.FrameworkMethod$1.runReflectiveCall(FrameworkMethod.java:59)
	at org.junit.internal.runners.model.ReflectiveCallable.run(ReflectiveCallable.java:12)
	at org.junit.runners.model.FrameworkMethod.invokeExplosively(FrameworkMethod.java:56)
	at org.junit.internal.runners.statements.InvokeMethod.evaluate(InvokeMethod.java:17)
	at org.apache.beam.sdk.testing.TestPipeline$1.evaluate(TestPipeline.java:323)
	at org.junit.runners.ParentRunner$3.evaluate(ParentRunner.java:306)
	at org.junit.runners.BlockJUnit4ClassRunner$1.evaluate(BlockJUnit4ClassRunner.java:100)
	at org.junit.runners.ParentRunner.runLeaf(ParentRunner.java:366)
	at org.junit.runners.BlockJUnit4ClassRunner.runChild(BlockJUnit4ClassRunner.java:103)
	at org.junit.runners.BlockJUnit4ClassRunner.runChild(BlockJUnit4ClassRunner.java:63)
	at org.junit.runners.ParentRunner$4.run(ParentRunner.java:331)
	at org.apache.maven.surefire.junitcore.pc.Scheduler$1.run(Scheduler.java:405)
	at java.base/java.util.concurrent.Executors$RunnableAdapter.call(Executors.java:572)
	at java.base/java.util.concurrent.FutureTask.run(FutureTask.java:317)
	at java.base/java.util.concurrent.ThreadPoolExecutor.runWorker(ThreadPoolExecutor.java:1144)
	at java.base/java.util.concurrent.ThreadPoolExecutor$Worker.run(ThreadPoolExecutor.java:642)
	at java.base/java.lang.Thread.run(Thread.java:1583)
Caused by: java.lang.Error: Unresolved compilation problem: 
	AutoValue_IOTDataSchema cannot be resolved to a type

	at com.beamlytics.examples.schema.IOTDataSchema.builder(IOTDataSchema.java:46)
	at com.beamlytics.examples.TestStreamGenerator$CreateEventSchemaStream.process(TestStreamGenerator.java:82)
]]></system-err>
  </testcase>
</testsuite>